<?xml version="1.0" encoding="UTF-8"?>
<testng-results ignored="0" total="2" passed="2" failed="0" skipped="0">
  <reporter-output>
  </reporter-output>
  <suite started-at="2023-12-19T16:14:26 IST" name="Suite" finished-at="2023-12-19T16:14:35 IST" duration-ms="9618">
    <groups>
    </groups>
    <test started-at="2023-12-19T16:14:26 IST" name="Test" finished-at="2023-12-19T16:14:35 IST" duration-ms="9618">
      <class name="gridsel.gridselenium.GoogleTest">
        <test-method signature="HomePageCheck()[pri:0, instance:gridsel.gridselenium.GoogleTest@158d2680]" started-at="2023-12-19T16:14:26 IST" name="HomePageCheck" finished-at="2023-12-19T16:14:33 IST" duration-ms="6930" status="PASS">
          <reporter-output>
          </reporter-output>
        </test-method> <!-- HomePageCheck -->
      </class> <!-- gridsel.gridselenium.GoogleTest -->
      <class name="gridsel.gridselenium.RSATest">
        <test-method signature="HomePageCheck()[pri:0, instance:gridsel.gridselenium.RSATest@4ec4f3a0]" started-at="2023-12-19T16:14:26 IST" name="HomePageCheck" finished-at="2023-12-19T16:14:35 IST" duration-ms="9542" status="PASS">
          <reporter-output>
          </reporter-output>
        </test-method> <!-- HomePageCheck -->
      </class> <!-- gridsel.gridselenium.RSATest -->
    </test> <!-- Test -->
  </suite> <!-- Suite -->
</testng-results>
